<?xml version="1.0" encoding="UTF-8"?>
<!-- Generated by org.testng.reporters.JUnitReportReporter -->
<testsuite hostname="Lenovo" failures="0" tests="1" name="com.practice.testcases.LoginTest" time="9.730" errors="0" timestamp="2024-12-25T14:09:33 IST" skipped="0">
  <testcase classname="com.practice.testcases.LoginTest" name="loginTest" time="9.730"/>
  <system-out/>
</testsuite> <!-- com.practice.testcases.LoginTest -->
