<?xml version="1.0" encoding="UTF-8"?>
<!-- Generated by org.testng.reporters.JUnitReportReporter -->
<testsuite hostname="Lenovo" failures="0" tests="1" name="com.practice.testcases.LoginTest" time="22.349" errors="0" timestamp="2024-12-28T13:33:28 IST" skipped="0">
  <testcase classname="com.practice.testcases.LoginTest" name="loginTest" time="22.349"/>
  <system-out/>
</testsuite> <!-- com.practice.testcases.LoginTest -->
